(0000) 3000  0011000000000000 (  24)                 .ORIG x3000
(3000) E2FF  1110001011111111 (  28)                 LEA   R1 x3100
(3001) 6240  0110001001000000 (  29)                 LDR   R1 R1 #0
(3002) 14A0  0001010010100000 (  31)                 ADD   R2 R2 #0
(3003) 16E1  0001011011100001 (  32)                 ADD   R3 R3 #1
(3004) 1920  0001100100100000 (  33)                 ADD   R4 R4 #0
(3005) 1B60  0001101101100000 (  34)                 ADD   R5 R5 #0
(3006) 127E  0001001001111110 (  36)                 ADD   R1 R1 #-2
(3007) 0C09  0000110000001001 (  37)                 BRNZ  nth_FIB_FOUND
(3008) 9C7F  1001110001111111 (  42) FIND_nth_FIB    NOT   R6 R1
(3009) 1DA1  0001110110100001 (  43)                 ADD   R6 R6 #1
(300A) 1D85  0001110110000101 (  44)                 ADD   R6 R6 R5
(300B) 0405  0000010000000101 (  45)                 BRZ   nth_FIB_FOUND
(300C) 1883  0001100010000011 (  47)                 ADD   R4 R2 R3
(300D) 1B61  0001101101100001 (  48)                 ADD   R5 R5 #1
(300E) 14E0  0001010011100000 (  49)                 ADD   R2 R3 #0
(300F) 1720  0001011100100000 (  50)                 ADD   R3 R4 #0
(3010) 0FF7  0000111111110111 (  52)                 BRNZP FIND_nth_FIB
(3011) B809  1011100000001001 (  57) nth_FIB_FOUND   STI   R4 Fn
(3012) 1883  0001100010000011 (  62) FIND_LARGEST_FIB ADD   R4 R2 R3
(3013) 0804  0000100000000100 (  63)                 BRN   LARGEST_FOUND
(3014) 14E0  0001010011100000 (  65)                 ADD   R2 R3 #0
(3015) 1720  0001011100100000 (  66)                 ADD   R3 R4 #0
(3016) 1B61  0001101101100001 (  67)                 ADD   R5 R5 #1
(3017) 0FFA  0000111111111010 (  69)                 BRNZP FIND_LARGEST_FIB
(3018) BA03  1011101000000011 (  75) LARGEST_FOUND   STI   R5 N
(3019) B603  1011011000000011 (  76)                 STI   R3 FN
(301A) F025  1111000000100101 (  78)                 TRAP  x25
(301B) 3101  0011000100000001 (  80) Fn              .FILL x3101
(301C) 3102  0011000100000010 (  81) N               .FILL x3102
(301D) 3103  0011000100000011 (  82) FN              .FILL x3103
