(0000) 3000  0011000000000000 (  25)                 .ORIG x3000
(3000) A623  1010011000100011 (  28)                 LDI   R3 MONTH
(3001) A823  1010100000100011 (  29)                 LDI   R4 DAY
(3002) AA23  1010101000100011 (  30)                 LDI   R5 YEAR
(3003) 1243  0001001001000011 (  32)                 ADD   R1 R1 R3
(3004) 482A  0100100000101010 (  33)                 JSR   COMPUTE_M
(3005) 483A  0100100000111010 (  35)                 JSR   COMPUTE_D
(3006) 4847  0100100001000111 (  36)                 JSR   COMPUTE_C
(3007) 5DA0  0101110110100000 (  38)                 AND   R6 R6 #0
(3008) 5260  0101001001100000 (  39)                 AND   R1 R1 #0
(3009) 1CE0  0001110011100000 (  40)                 ADD   R6 R3 #0
(300A) 126D  0001001001101101 (  42)                 ADD   R1 R1 #13
(300B) A41C  1010010000011100 (  43)                 LDI   R2 M
(300C) 14A1  0001010010100001 (  44)                 ADD   R2 R2 #1
(300D) 484E  0100100001001110 (  45)                 JSR   MULT
(300E) A21C  1010001000011100 (  47)                 LDI   R1 X_MUL_Y
(300F) 54A0  0101010010100000 (  49)                 AND   R2 R2 #0
(3010) 14A5  0001010010100101 (  50)                 ADD   R2 R2 #5
(3011) 486A  0100100001101010 (  51)                 JSR   DIV
(3012) A219  1010001000011001 (  53)                 LDI   R1 X_DIV_Y
(3013) 1D81  0001110110000001 (  54)                 ADD   R6 R6 R1
(3014) A214  1010001000010100 (  56)                 LDI   R1 D
(3015) 1D81  0001110110000001 (  57)                 ADD   R6 R6 R1
(3016) 54A0  0101010010100000 (  59)                 AND   R2 R2 #0
(3017) 14A4  0001010010100100 (  60)                 ADD   R2 R2 #4
(3018) 4863  0100100001100011 (  61)                 JSR   DIV
(3019) A212  1010001000010010 (  62)                 LDI   R1 X_DIV_Y
(301A) 1D81  0001110110000001 (  63)                 ADD   R6 R6 R1
(301B) A20E  1010001000001110 (  65)                 LDI   R1 C
(301C) 54A0  0101010010100000 (  66)                 AND   R2 R2 #0
(301D) 14A2  0001010010100010 (  67)                 ADD   R2 R2 #2
(301E) 483D  0100100000111101 (  68)                 JSR   MULT
(301F) A20B  1010001000001011 (  70)                 LDI   R1 X_MUL_Y
(3020) 927F  1001001001111111 (  71)                 NOT   R1 R1
(3021) 1261  0001001001100001 (  72)                 ADD   R1 R1 #1
(3022) 1D81  0001110110000001 (  74)                 ADD   R6 R6 R1
(3023) F025  1111000000100101 (  79)                 TRAP  x25
(3024) 31F0  0011000111110000 (  81) MONTH           .FILL x31F0
(3025) 31F1  0011000111110001 (  82) DAY             .FILL x31F1
(3026) 31F2  0011000111110010 (  83) YEAR            .FILL x31F2
(3027) 31F3  0011000111110011 (  84) DAY_OF_THE_WEEK .FILL x31F3
(3028) 3100  0011000100000000 (  85) M               .FILL x3100
(3029) 3101  0011000100000001 (  86) D               .FILL x3101
(302A) 3102  0011000100000010 (  87) C               .FILL x3102
(302B) 3103  0011000100000011 (  88) X_MUL_Y         .FILL x3103
(302C) 3104  0011000100000100 (  89) X_DIV_Y         .FILL x3104
(302D) 3105  0011000100000101 (  90) X_MOD_Y         .FILL x3105
(302E) 0064  0000000001100100 (  91) N_100           .FILL x0064
(302F) B291  1011001010010001 ( 101) COMPUTE_M       STI   R1 SAVE_R1
(3030) B491  1011010010010001 ( 102)                 STI   R2 SAVE_R2
(3031) B691  1011011010010001 ( 103)                 STI   R3 SAVE_R3
(3032) A3F1  1010001111110001 ( 105)                 LDI   R1 MONTH
(3033) 1660  0001011001100000 ( 106)                 ADD   R3 R1 #0
(3034) 54A0  0101010010100000 ( 107)                 AND   R2 R2 #0
(3035) 14BE  0001010010111110 ( 108)                 ADD   R2 R2 #-2
(3036) 1242  0001001001000010 ( 109)                 ADD   R1 R1 R2
(3037) 0202  0000001000000010 ( 110)                 BRP   MONTH_GT_2
(3038) 16EA  0001011011101010 ( 111)                 ADD   R3 R3 #10
(3039) 0E02  0000111000000010 ( 112)                 BRNZP x303C
(303A) 16FE  0001011011111110 ( 114) MONTH_GT_2      ADD   R3 R3 #-2
(303B) B7EC  1011011111101100 ( 115)                 STI   R3 M
(303C) A284  1010001010000100 ( 116)                 LDI   R1 SAVE_R1
(303D) A484  1010010010000100 ( 117)                 LDI   R2 SAVE_R2
(303E) A684  1010011010000100 ( 118)                 LDI   R3 SAVE_R3
(303F) C1C0  1100000111000000 ( 119)                 RET   
(3040) B280  1011001010000000 ( 124) COMPUTE_D       STI   R1 SAVE_R1
(3041) B480  1011010010000000 ( 125)                 STI   R2 SAVE_R2
(3042) B680  1011011010000000 ( 126)                 STI   R3 SAVE_R3
(3043) BE82  1011111010000010 ( 127)                 STI   R7 SAVE_R7
(3044) A3E1  1010001111100001 ( 129)                 LDI   R1 YEAR
(3045) 25E8  0010010111101000 ( 130)                 LD    R2 N_100
(3046) 485A  0100100001011010 ( 131)                 JSR   MOD
(3047) A7E5  1010011111100101 ( 132)                 LDI   R3 X_MOD_Y
(3048) B7E0  1011011111100000 ( 133)                 STI   R3 D
(3049) A277  1010001001110111 ( 134)                 LDI   R1 SAVE_R1
(304A) A477  1010010001110111 ( 135)                 LDI   R2 SAVE_R2
(304B) A677  1010011001110111 ( 136)                 LDI   R3 SAVE_R3
(304C) AE79  1010111001111001 ( 137)                 LDI   R7 SAVE_R7
(304D) C1C0  1100000111000000 ( 138)                 RET   
(304E) B272  1011001001110010 ( 143) COMPUTE_C       STI   R1 SAVE_R1
(304F) B472  1011010001110010 ( 144)                 STI   R2 SAVE_R2
(3050) B672  1011011001110010 ( 145)                 STI   R3 SAVE_R3
(3051) BE74  1011111001110100 ( 146)                 STI   R7 SAVE_R7
(3052) A3D3  1010001111010011 ( 148)                 LDI   R1 YEAR
(3053) 25DA  0010010111011010 ( 149)                 LD    R2 N_100
(3054) 4827  0100100000100111 ( 150)                 JSR   DIV
(3055) A7D6  1010011111010110 ( 151)                 LDI   R3 X_DIV_Y
(3056) B7D3  1011011111010011 ( 152)                 STI   R3 C
(3057) A269  1010001001101001 ( 153)                 LDI   R1 SAVE_R1
(3058) A469  1010010001101001 ( 154)                 LDI   R2 SAVE_R2
(3059) A669  1010011001101001 ( 155)                 LDI   R3 SAVE_R3
(305A) AE6B  1010111001101011 ( 156)                 LDI   R7 SAVE_R7
(305B) C1C0  1100000111000000 ( 157)                 RET   
(305C) B264  1011001001100100 ( 160) MULT            STI   R1 SAVE_R1
(305D) B464  1011010001100100 ( 161)                 STI   R2 SAVE_R2
(305E) B664  1011011001100100 ( 162)                 STI   R3 SAVE_R3
(305F) B864  1011100001100100 ( 163)                 STI   R4 SAVE_R4
(3060) 5920  0101100100100000 ( 165)                 AND   R4 R4 #0
(3061) 1260  0001001001100000 ( 166)                 ADD   R1 R1 #0
(3062) 0801  0000100000000001 ( 167)                 BRN   X_NEG
(3063) 0E03  0000111000000011 ( 168)                 BRNZP x3067
(3064) 927F  1001001001111111 ( 170) X_NEG           NOT   R1 R1
(3065) 1261  0001001001100001 ( 171)                 ADD   R1 R1 #1
(3066) 993F  1001100100111111 ( 172)                 NOT   R4 R4
(3067) 14A0  0001010010100000 ( 173)                 ADD   R2 R2 #0
(3068) 0801  0000100000000001 ( 174)                 BRN   Y_NEG
(3069) 0E03  0000111000000011 ( 175)                 BRNZP x306D
(306A) 94BF  1001010010111111 ( 177) Y_NEG           NOT   R2 R2
(306B) 14A1  0001010010100001 ( 178)                 ADD   R2 R2 #1
(306C) 993F  1001100100111111 ( 179)                 NOT   R4 R4
(306D) 56E0  0101011011100000 ( 180)                 AND   R3 R3 #0
(306E) 16C1  0001011011000001 ( 182) MULT_REPEAT     ADD   R3 R3 R1
(306F) 14BF  0001010010111111 ( 183)                 ADD   R2 R2 #-1
(3070) 0BFD  0000101111111101 ( 184)                 BRNP  MULT_REPEAT
(3071) 1920  0001100100100000 ( 186)                 ADD   R4 R4 #0
(3072) 0801  0000100000000001 ( 187)                 BRN   CHANGE_SIGN
(3073) 0E02  0000111000000010 ( 188)                 BRNZP x3076
(3074) 96FF  1001011011111111 ( 190) CHANGE_SIGN     NOT   R3 R3
(3075) 16E1  0001011011100001 ( 191)                 ADD   R3 R3 #1
(3076) B7B4  1011011110110100 ( 192)                 STI   R3 X_MUL_Y
(3077) A249  1010001001001001 ( 193)                 LDI   R1 SAVE_R1
(3078) A449  1010010001001001 ( 194)                 LDI   R2 SAVE_R2
(3079) A649  1010011001001001 ( 195)                 LDI   R3 SAVE_R3
(307A) A849  1010100001001001 ( 196)                 LDI   R4 SAVE_R4
(307B) C1C0  1100000111000000 ( 197)                 RET   
(307C) B244  1011001001000100 ( 199) DIV             STI   R1 SAVE_R1
(307D) B444  1011010001000100 ( 200)                 STI   R2 SAVE_R2
(307E) B644  1011011001000100 ( 201)                 STI   R3 SAVE_R3
(307F) B844  1011100001000100 ( 202)                 STI   R4 SAVE_R4
(3080) BA44  1011101001000100 ( 203)                 STI   R5 SAVE_R5
(3081) 56E0  0101011011100000 ( 205)                 AND   R3 R3 #0
(3082) 5B60  0101101101100000 ( 206)                 AND   R5 R5 #0
(3083) 1260  0001001001100000 ( 207)                 ADD   R1 R1 #0
(3084) 0801  0000100000000001 ( 208)                 BRN   X_NEG_2
(3085) 0E03  0000111000000011 ( 209)                 BRNZP x3089
(3086) 927F  1001001001111111 ( 211) X_NEG_2         NOT   R1 R1
(3087) 1261  0001001001100001 ( 212)                 ADD   R1 R1 #1
(3088) 9B7F  1001101101111111 ( 213)                 NOT   R5 R5
(3089) 14A0  0001010010100000 ( 214)                 ADD   R2 R2 #0
(308A) 0801  0000100000000001 ( 215)                 BRN   Y_NEG_2
(308B) 0E03  0000111000000011 ( 216)                 BRNZP x308F
(308C) 94BF  1001010010111111 ( 218) Y_NEG_2         NOT   R2 R2
(308D) 14A1  0001010010100001 ( 219)                 ADD   R2 R2 #1
(308E) 9B7F  1001101101111111 ( 220)                 NOT   R5 R5
(308F) 98BF  1001100010111111 ( 222)                 NOT   R4 R2
(3090) 1921  0001100100100001 ( 223)                 ADD   R4 R4 #1
(3091) 1244  0001001001000100 ( 225) DIV_REPEAT      ADD   R1 R1 R4
(3092) 0C02  0000110000000010 ( 226)                 BRNZ  x3095
(3093) 16E1  0001011011100001 ( 227)                 ADD   R3 R3 #1
(3094) 0FFC  0000111111111100 ( 228)                 BRNZP DIV_REPEAT
(3095) 1B60  0001101101100000 ( 229)                 ADD   R5 R5 #0
(3096) 0801  0000100000000001 ( 230)                 BRN   CHANGE_SIGN_2
(3097) 0E02  0000111000000010 ( 231)                 BRNZP x309A
(3098) 96FF  1001011011111111 ( 233) CHANGE_SIGN_2   NOT   R3 R3
(3099) 16E1  0001011011100001 ( 234)                 ADD   R3 R3 #1
(309A) B791  1011011110010001 ( 235)                 STI   R3 X_DIV_Y
(309B) A225  1010001000100101 ( 236)                 LDI   R1 SAVE_R1
(309C) A425  1010010000100101 ( 237)                 LDI   R2 SAVE_R2
(309D) A625  1010011000100101 ( 238)                 LDI   R3 SAVE_R3
(309E) A825  1010100000100101 ( 239)                 LDI   R4 SAVE_R4
(309F) AA25  1010101000100101 ( 240)                 LDI   R5 SAVE_R5
(30A0) C1C0  1100000111000000 ( 241)                 RET   
(30A1) B21F  1011001000011111 ( 244) MOD             STI   R1 SAVE_R1
(30A2) B41F  1011010000011111 ( 245)                 STI   R2 SAVE_R2
(30A3) B61F  1011011000011111 ( 246)                 STI   R3 SAVE_R3
(30A4) B81F  1011100000011111 ( 247)                 STI   R4 SAVE_R4
(30A5) BA1F  1011101000011111 ( 248)                 STI   R5 SAVE_R5
(30A6) 5B60  0101101101100000 ( 251)                 AND   R5 R5 #0
(30A7) 1260  0001001001100000 ( 252)                 ADD   R1 R1 #0
(30A8) 0801  0000100000000001 ( 253)                 BRN   X_NEG_3
(30A9) 0E03  0000111000000011 ( 254)                 BRNZP x30AD
(30AA) 927F  1001001001111111 ( 256) X_NEG_3         NOT   R1 R1
(30AB) 1261  0001001001100001 ( 257)                 ADD   R1 R1 #1
(30AC) 9B7F  1001101101111111 ( 258)                 NOT   R5 R5
(30AD) 14A0  0001010010100000 ( 259)                 ADD   R2 R2 #0
(30AE) 0801  0000100000000001 ( 260)                 BRN   Y_NEG_3
(30AF) 0E03  0000111000000011 ( 261)                 BRNZP x30B3
(30B0) 94BF  1001010010111111 ( 263) Y_NEG_3         NOT   R2 R2
(30B1) 14A1  0001010010100001 ( 264)                 ADD   R2 R2 #1
(30B2) 9B7F  1001101101111111 ( 265)                 NOT   R5 R5
(30B3) 96BF  1001011010111111 ( 266)                 NOT   R3 R2
(30B4) 16E1  0001011011100001 ( 267)                 ADD   R3 R3 #1
(30B5) 1860  0001100001100000 ( 268)                 ADD   R4 R1 #0
(30B6) 1243  0001001001000011 ( 270) MOD_REPEAT      ADD   R1 R1 R3
(30B7) 0C02  0000110000000010 ( 271)                 BRNZ  x30BA
(30B8) 1903  0001100100000011 ( 272)                 ADD   R4 R4 R3
(30B9) 0FFC  0000111111111100 ( 273)                 BRNZP MOD_REPEAT
(30BA) B972  1011100101110010 ( 274)                 STI   R4 X_MOD_Y
(30BB) A205  1010001000000101 ( 275)                 LDI   R1 SAVE_R1
(30BC) A405  1010010000000101 ( 276)                 LDI   R2 SAVE_R2
(30BD) A605  1010011000000101 ( 277)                 LDI   R3 SAVE_R3
(30BE) A805  1010100000000101 ( 278)                 LDI   R4 SAVE_R4
(30BF) AA05  1010101000000101 ( 279)                 LDI   R5 SAVE_R5
(30C0) C1C0  1100000111000000 ( 281)                 RET   
(30C1) 3500  0011010100000000 ( 284) SAVE_R1         .FILL x3500
(30C2) 3501  0011010100000001 ( 285) SAVE_R2         .FILL x3501
(30C3) 3502  0011010100000010 ( 286) SAVE_R3         .FILL x3502
(30C4) 3503  0011010100000011 ( 287) SAVE_R4         .FILL x3503
(30C5) 3504  0011010100000100 ( 288) SAVE_R5         .FILL x3504
(30C6) 3505  0011010100000101 ( 289) SAVE_R7         .FILL x3505
