(0000) 3000  0011000000000000 (  25)                 .ORIG x3000
(3000) A631  1010011000110001 (  28)                 LDI   R3 MONTH
(3001) A831  1010100000110001 (  29)                 LDI   R4 DAY
(3002) AA31  1010101000110001 (  30)                 LDI   R5 YEAR
(3003) 483A  0100100000111010 (  32)                 JSR   COMPUTE_M
(3004) 484A  0100100001001010 (  33)                 JSR   COMPUTE_D
(3005) 4857  0100100001010111 (  34)                 JSR   COMPUTE_C
(3006) 1D20  0001110100100000 (  36)                 ADD   R6 R4 #0
(3007) A42F  1010010000101111 (  39)                 LDI   R2 M
(3008) 14A1  0001010010100001 (  40)                 ADD   R2 R2 #1
(3009) 5260  0101001001100000 (  41)                 AND   R1 R1 #0
(300A) 126D  0001001001101101 (  42)                 ADD   R1 R1 #13
(300B) 485F  0100100001011111 (  43)                 JSR   MULT
(300C) A22D  1010001000101101 (  45)                 LDI   R1 X_MUL_Y
(300D) 54A0  0101010010100000 (  46)                 AND   R2 R2 #0
(300E) 14A5  0001010010100101 (  47)                 ADD   R2 R2 #5
(300F) 487B  0100100001111011 (  48)                 JSR   DIV
(3010) A22A  1010001000101010 (  50)                 LDI   R1 X_DIV_Y
(3011) 1D81  0001110110000001 (  51)                 ADD   R6 R6 R1
(3012) A225  1010001000100101 (  53)                 LDI   R1 D
(3013) 1D81  0001110110000001 (  54)                 ADD   R6 R6 R1
(3014) 54A0  0101010010100000 (  56)                 AND   R2 R2 #0
(3015) 14A4  0001010010100100 (  57)                 ADD   R2 R2 #4
(3016) 4874  0100100001110100 (  58)                 JSR   DIV
(3017) A223  1010001000100011 (  59)                 LDI   R1 X_DIV_Y
(3018) 1D81  0001110110000001 (  60)                 ADD   R6 R6 R1
(3019) A21F  1010001000011111 (  62)                 LDI   R1 C
(301A) 54A0  0101010010100000 (  63)                 AND   R2 R2 #0
(301B) 14A4  0001010010100100 (  64)                 ADD   R2 R2 #4
(301C) 486E  0100100001101110 (  65)                 JSR   DIV
(301D) A21D  1010001000011101 (  67)                 LDI   R1 X_DIV_Y
(301E) 1D81  0001110110000001 (  68)                 ADD   R6 R6 R1
(301F) A219  1010001000011001 (  71)                 LDI   R1 C
(3020) 54A0  0101010010100000 (  72)                 AND   R2 R2 #0
(3021) 14A5  0001010010100101 (  73)                 ADD   R2 R2 #5
(3022) 4848  0100100001001000 (  74)                 JSR   MULT
(3023) A216  1010001000010110 (  76)                 LDI   R1 X_MUL_Y
(3024) 1D81  0001110110000001 (  77)                 ADD   R6 R6 R1
(3025) 13A0  0001001110100000 (  79)                 ADD   R1 R6 #0
(3026) 54A0  0101010010100000 (  80)                 AND   R2 R2 #0
(3027) 14A7  0001010010100111 (  81)                 ADD   R2 R2 #7
(3028) 4887  0100100010000111 (  82)                 JSR   MOD
(3029) A212  1010001000010010 (  84)                 LDI   R1 X_MOD_Y
(302A) 200B  0010000000001011 (  85)                 LD    R0 DAYS_OF_THE_WEEK_LIST
(302B) 54A0  0101010010100000 (  86)                 AND   R2 R2 #0
(302C) 14A9  0001010010101001 (  87)                 ADD   R2 R2 #9
(302D) 483D  0100100000111101 (  88)                 JSR   MULT
(302E) A20B  1010001000001011 (  89)                 LDI   R1 X_MUL_Y
(302F) 1001  0001000000000001 (  90)                 ADD   R0 R0 R1
(3030) F022  1111000000100010 (  91)                 TRAP  x22
(3031) F025  1111000000100101 (  94)                 TRAP  x25
(3032) 31F0  0011000111110000 (  96) MONTH           .FILL x31F0
(3033) 31F1  0011000111110001 (  97) DAY             .FILL x31F1
(3034) 31F2  0011000111110010 (  98) YEAR            .FILL x31F2
(3035) 31F3  0011000111110011 (  99) DAY_OF_THE_WEEK .FILL x31F3
(3036) 3600  0011011000000000 ( 100) DAYS_OF_THE_WEEK_LIST .FILL x3600
(3037) 3100  0011000100000000 ( 101) M               .FILL x3100
(3038) 3101  0011000100000001 ( 102) D               .FILL x3101
(3039) 3102  0011000100000010 ( 103) C               .FILL x3102
(303A) 3103  0011000100000011 ( 104) X_MUL_Y         .FILL x3103
(303B) 3104  0011000100000100 ( 105) X_DIV_Y         .FILL x3104
(303C) 3105  0011000100000101 ( 106) X_MOD_Y         .FILL x3105
(303D) 0064  0000000001100100 ( 107) N_100           .FILL x0064
(303E) B291  1011001010010001 ( 117) COMPUTE_M       STI   R1 SAVE_R1
(303F) B491  1011010010010001 ( 118)                 STI   R2 SAVE_R2
(3040) B691  1011011010010001 ( 119)                 STI   R3 SAVE_R3
(3041) A3F0  1010001111110000 ( 121)                 LDI   R1 MONTH
(3042) 1660  0001011001100000 ( 122)                 ADD   R3 R1 #0
(3043) 54A0  0101010010100000 ( 123)                 AND   R2 R2 #0
(3044) 14BE  0001010010111110 ( 124)                 ADD   R2 R2 #-2
(3045) 1242  0001001001000010 ( 125)                 ADD   R1 R1 R2
(3046) 0202  0000001000000010 ( 126)                 BRP   MONTH_GT_2
(3047) 16EC  0001011011101100 ( 127)                 ADD   R3 R3 #12
(3048) 0E02  0000111000000010 ( 128)                 BRNZP x304B
(3049) 16E0  0001011011100000 ( 130) MONTH_GT_2      ADD   R3 R3 #0
(304A) B7EC  1011011111101100 ( 131)                 STI   R3 M
(304B) A284  1010001010000100 ( 132)                 LDI   R1 SAVE_R1
(304C) A484  1010010010000100 ( 133)                 LDI   R2 SAVE_R2
(304D) A684  1010011010000100 ( 134)                 LDI   R3 SAVE_R3
(304E) C1C0  1100000111000000 ( 135)                 RET   
(304F) B280  1011001010000000 ( 140) COMPUTE_D       STI   R1 SAVE_R1
(3050) B480  1011010010000000 ( 141)                 STI   R2 SAVE_R2
(3051) B680  1011011010000000 ( 142)                 STI   R3 SAVE_R3
(3052) BE82  1011111010000010 ( 143)                 STI   R7 SAVE_R7
(3053) A3E0  1010001111100000 ( 145)                 LDI   R1 YEAR
(3054) 25E8  0010010111101000 ( 146)                 LD    R2 N_100
(3055) 485A  0100100001011010 ( 147)                 JSR   MOD
(3056) A7E5  1010011111100101 ( 148)                 LDI   R3 X_MOD_Y
(3057) B7E0  1011011111100000 ( 149)                 STI   R3 D
(3058) A277  1010001001110111 ( 150)                 LDI   R1 SAVE_R1
(3059) A477  1010010001110111 ( 151)                 LDI   R2 SAVE_R2
(305A) A677  1010011001110111 ( 152)                 LDI   R3 SAVE_R3
(305B) AE79  1010111001111001 ( 153)                 LDI   R7 SAVE_R7
(305C) C1C0  1100000111000000 ( 154)                 RET   
(305D) B272  1011001001110010 ( 159) COMPUTE_C       STI   R1 SAVE_R1
(305E) B472  1011010001110010 ( 160)                 STI   R2 SAVE_R2
(305F) B672  1011011001110010 ( 161)                 STI   R3 SAVE_R3
(3060) BE74  1011111001110100 ( 162)                 STI   R7 SAVE_R7
(3061) A3D2  1010001111010010 ( 164)                 LDI   R1 YEAR
(3062) 25DA  0010010111011010 ( 165)                 LD    R2 N_100
(3063) 4827  0100100000100111 ( 166)                 JSR   DIV
(3064) A7D6  1010011111010110 ( 167)                 LDI   R3 X_DIV_Y
(3065) B7D3  1011011111010011 ( 168)                 STI   R3 C
(3066) A269  1010001001101001 ( 169)                 LDI   R1 SAVE_R1
(3067) A469  1010010001101001 ( 170)                 LDI   R2 SAVE_R2
(3068) A669  1010011001101001 ( 171)                 LDI   R3 SAVE_R3
(3069) AE6B  1010111001101011 ( 172)                 LDI   R7 SAVE_R7
(306A) C1C0  1100000111000000 ( 173)                 RET   
(306B) B264  1011001001100100 ( 176) MULT            STI   R1 SAVE_R1
(306C) B464  1011010001100100 ( 177)                 STI   R2 SAVE_R2
(306D) B664  1011011001100100 ( 178)                 STI   R3 SAVE_R3
(306E) B864  1011100001100100 ( 179)                 STI   R4 SAVE_R4
(306F) 5920  0101100100100000 ( 181)                 AND   R4 R4 #0
(3070) 1260  0001001001100000 ( 182)                 ADD   R1 R1 #0
(3071) 0801  0000100000000001 ( 183)                 BRN   X_NEG
(3072) 0E03  0000111000000011 ( 184)                 BRNZP x3076
(3073) 927F  1001001001111111 ( 186) X_NEG           NOT   R1 R1
(3074) 1261  0001001001100001 ( 187)                 ADD   R1 R1 #1
(3075) 993F  1001100100111111 ( 188)                 NOT   R4 R4
(3076) 14A0  0001010010100000 ( 189)                 ADD   R2 R2 #0
(3077) 0801  0000100000000001 ( 190)                 BRN   Y_NEG
(3078) 0E03  0000111000000011 ( 191)                 BRNZP x307C
(3079) 94BF  1001010010111111 ( 193) Y_NEG           NOT   R2 R2
(307A) 14A1  0001010010100001 ( 194)                 ADD   R2 R2 #1
(307B) 993F  1001100100111111 ( 195)                 NOT   R4 R4
(307C) 56E0  0101011011100000 ( 196)                 AND   R3 R3 #0
(307D) 16C1  0001011011000001 ( 198) MULT_REPEAT     ADD   R3 R3 R1
(307E) 14BF  0001010010111111 ( 199)                 ADD   R2 R2 #-1
(307F) 0BFD  0000101111111101 ( 200)                 BRNP  MULT_REPEAT
(3080) 1920  0001100100100000 ( 202)                 ADD   R4 R4 #0
(3081) 0801  0000100000000001 ( 203)                 BRN   CHANGE_SIGN
(3082) 0E02  0000111000000010 ( 204)                 BRNZP x3085
(3083) 96FF  1001011011111111 ( 206) CHANGE_SIGN     NOT   R3 R3
(3084) 16E1  0001011011100001 ( 207)                 ADD   R3 R3 #1
(3085) B7B4  1011011110110100 ( 208)                 STI   R3 X_MUL_Y
(3086) A249  1010001001001001 ( 209)                 LDI   R1 SAVE_R1
(3087) A449  1010010001001001 ( 210)                 LDI   R2 SAVE_R2
(3088) A649  1010011001001001 ( 211)                 LDI   R3 SAVE_R3
(3089) A849  1010100001001001 ( 212)                 LDI   R4 SAVE_R4
(308A) C1C0  1100000111000000 ( 213)                 RET   
(308B) B244  1011001001000100 ( 215) DIV             STI   R1 SAVE_R1
(308C) B444  1011010001000100 ( 216)                 STI   R2 SAVE_R2
(308D) B644  1011011001000100 ( 217)                 STI   R3 SAVE_R3
(308E) B844  1011100001000100 ( 218)                 STI   R4 SAVE_R4
(308F) BA44  1011101001000100 ( 219)                 STI   R5 SAVE_R5
(3090) 56E0  0101011011100000 ( 221)                 AND   R3 R3 #0
(3091) 5B60  0101101101100000 ( 222)                 AND   R5 R5 #0
(3092) 1260  0001001001100000 ( 223)                 ADD   R1 R1 #0
(3093) 0801  0000100000000001 ( 224)                 BRN   X_NEG_2
(3094) 0E03  0000111000000011 ( 225)                 BRNZP x3098
(3095) 927F  1001001001111111 ( 227) X_NEG_2         NOT   R1 R1
(3096) 1261  0001001001100001 ( 228)                 ADD   R1 R1 #1
(3097) 9B7F  1001101101111111 ( 229)                 NOT   R5 R5
(3098) 14A0  0001010010100000 ( 230)                 ADD   R2 R2 #0
(3099) 0801  0000100000000001 ( 231)                 BRN   Y_NEG_2
(309A) 0E03  0000111000000011 ( 232)                 BRNZP x309E
(309B) 94BF  1001010010111111 ( 234) Y_NEG_2         NOT   R2 R2
(309C) 14A1  0001010010100001 ( 235)                 ADD   R2 R2 #1
(309D) 9B7F  1001101101111111 ( 236)                 NOT   R5 R5
(309E) 98BF  1001100010111111 ( 238)                 NOT   R4 R2
(309F) 1921  0001100100100001 ( 239)                 ADD   R4 R4 #1
(30A0) 1244  0001001001000100 ( 241) DIV_REPEAT      ADD   R1 R1 R4
(30A1) 0802  0000100000000010 ( 242)                 BRN   x30A4
(30A2) 16E1  0001011011100001 ( 243)                 ADD   R3 R3 #1
(30A3) 0FFC  0000111111111100 ( 244)                 BRNZP DIV_REPEAT
(30A4) 1B60  0001101101100000 ( 245)                 ADD   R5 R5 #0
(30A5) 0801  0000100000000001 ( 246)                 BRN   CHANGE_SIGN_2
(30A6) 0E02  0000111000000010 ( 247)                 BRNZP x30A9
(30A7) 96FF  1001011011111111 ( 249) CHANGE_SIGN_2   NOT   R3 R3
(30A8) 16E1  0001011011100001 ( 250)                 ADD   R3 R3 #1
(30A9) B791  1011011110010001 ( 251)                 STI   R3 X_DIV_Y
(30AA) A225  1010001000100101 ( 252)                 LDI   R1 SAVE_R1
(30AB) A425  1010010000100101 ( 253)                 LDI   R2 SAVE_R2
(30AC) A625  1010011000100101 ( 254)                 LDI   R3 SAVE_R3
(30AD) A825  1010100000100101 ( 255)                 LDI   R4 SAVE_R4
(30AE) AA25  1010101000100101 ( 256)                 LDI   R5 SAVE_R5
(30AF) C1C0  1100000111000000 ( 257)                 RET   
(30B0) B21F  1011001000011111 ( 260) MOD             STI   R1 SAVE_R1
(30B1) B41F  1011010000011111 ( 261)                 STI   R2 SAVE_R2
(30B2) B61F  1011011000011111 ( 262)                 STI   R3 SAVE_R3
(30B3) B81F  1011100000011111 ( 263)                 STI   R4 SAVE_R4
(30B4) BA1F  1011101000011111 ( 264)                 STI   R5 SAVE_R5
(30B5) 5B60  0101101101100000 ( 267)                 AND   R5 R5 #0
(30B6) 1260  0001001001100000 ( 268)                 ADD   R1 R1 #0
(30B7) 0801  0000100000000001 ( 269)                 BRN   X_NEG_3
(30B8) 0E03  0000111000000011 ( 270)                 BRNZP x30BC
(30B9) 927F  1001001001111111 ( 272) X_NEG_3         NOT   R1 R1
(30BA) 1261  0001001001100001 ( 273)                 ADD   R1 R1 #1
(30BB) 9B7F  1001101101111111 ( 274)                 NOT   R5 R5
(30BC) 14A0  0001010010100000 ( 275)                 ADD   R2 R2 #0
(30BD) 0801  0000100000000001 ( 276)                 BRN   Y_NEG_3
(30BE) 0E03  0000111000000011 ( 277)                 BRNZP x30C2
(30BF) 94BF  1001010010111111 ( 279) Y_NEG_3         NOT   R2 R2
(30C0) 14A1  0001010010100001 ( 280)                 ADD   R2 R2 #1
(30C1) 9B7F  1001101101111111 ( 281)                 NOT   R5 R5
(30C2) 96BF  1001011010111111 ( 282)                 NOT   R3 R2
(30C3) 16E1  0001011011100001 ( 283)                 ADD   R3 R3 #1
(30C4) 1860  0001100001100000 ( 284)                 ADD   R4 R1 #0
(30C5) 1243  0001001001000011 ( 286) MOD_REPEAT      ADD   R1 R1 R3
(30C6) 0C02  0000110000000010 ( 287)                 BRNZ  x30C9
(30C7) 1903  0001100100000011 ( 288)                 ADD   R4 R4 R3
(30C8) 0FFC  0000111111111100 ( 289)                 BRNZP MOD_REPEAT
(30C9) B972  1011100101110010 ( 290)                 STI   R4 X_MOD_Y
(30CA) A205  1010001000000101 ( 291)                 LDI   R1 SAVE_R1
(30CB) A405  1010010000000101 ( 292)                 LDI   R2 SAVE_R2
(30CC) A605  1010011000000101 ( 293)                 LDI   R3 SAVE_R3
(30CD) A805  1010100000000101 ( 294)                 LDI   R4 SAVE_R4
(30CE) AA05  1010101000000101 ( 295)                 LDI   R5 SAVE_R5
(30CF) C1C0  1100000111000000 ( 297)                 RET   
(30D0) 3500  0011010100000000 ( 300) SAVE_R1         .FILL x3500
(30D1) 3501  0011010100000001 ( 301) SAVE_R2         .FILL x3501
(30D2) 3502  0011010100000010 ( 302) SAVE_R3         .FILL x3502
(30D3) 3503  0011010100000011 ( 303) SAVE_R4         .FILL x3503
(30D4) 3504  0011010100000100 ( 304) SAVE_R5         .FILL x3504
(30D5) 3505  0011010100000101 ( 305) SAVE_R7         .FILL x3505
