(0000) 3000  0011000000000000 (  23)                 .ORIG x3000
(3000) 2225  0010001000100101 (  28) LOOP            LD    R1 M
(3001) 2425  0010010000100101 (  29)                 LD    R2 A
(3002) 484D  0100100001001101 (  32)                 JSR   DIV
(3003) A628  1010011000101000 (  33)                 LDI   R3 X_DIV_Y
(3004) 3624  0011011000100100 (  34)                 ST    R3 Q
(3005) 486F  0100100001101111 (  36)                 JSR   MOD
(3006) A626  1010011000100110 (  37)                 LDI   R3 X_MOD_Y
(3007) 3622  0011011000100010 (  38)                 ST    R3 R
(3008) 221F  0010001000011111 (  40)                 LD    R1 X
(3009) 241F  0010010000011111 (  41)                 LD    R2 Q
(300A) 486A  0100100001101010 (  42)                 JSR   MOD
(300B) 221B  0010001000011011 (  44)                 LD    R1 A
(300C) A420  1010010000100000 (  45)                 LDI   R2 X_MOD_Y
(300D) 4821  0100100000100001 (  46)                 JSR   MULT
(300E) A61C  1010011000011100 (  47)                 LDI   R3 X_MUL_Y
(300F) 2218  0010001000011000 (  49)                 LD    R1 X
(3010) 2418  0010010000011000 (  50)                 LD    R2 Q
(3011) 483E  0100100000111110 (  51)                 JSR   DIV
(3012) 2217  0010001000010111 (  53)                 LD    R1 R
(3013) A418  1010010000011000 (  54)                 LDI   R2 X_DIV_Y
(3014) 481A  0100100000011010 (  55)                 JSR   MULT
(3015) A815  1010100000010101 (  56)                 LDI   R4 X_MUL_Y
(3016) 993F  1001100100111111 (  58)                 NOT   R4 R4
(3017) 1921  0001100100100001 (  59)                 ADD   R4 R4 #1
(3018) 16C4  0001011011000100 (  61)                 ADD   R3 R3 R4
(3019) 360E  0011011000001110 (  62)                 ST    R3 X
(301A) 2A0D  0010101000001101 (  63)                 LD    R5 X
(301B) 0801  0000100000000001 (  65)                 BRN   X_LT_0
(301C) 487A  0100100001111010 (  66)                 JSR   OUTPUT
(301D) A408  1010010000001000 (  68) X_LT_0          LDI   R2 M
(301E) 1242  0001001001000010 (  69)                 ADD   R1 R1 R2
(301F) 4877  0100100001110111 (  70)                 JSR   OUTPUT
(3020) 220D  0010001000001101 (  72)                 LD    R1 NGEN
(3021) 127F  0001001001111111 (  73)                 ADD   R1 R1 #-1
(3022) 0402  0000010000000010 (  74)                 BRZ   LOOP_END
(3023) 320A  0011001000001010 (  75)                 ST    R1 NGEN
(3024) 0FDB  0000111111011011 (  76)                 BRNZP LOOP
(3025) F025  1111000000100101 (  79) LOOP_END        TRAP  x25
(3026) 7FFF  0111111111111111 (  80) M               .FILL x7FFF
(3027) 0007  0000000000000111 (  81) A               .FILL x0007
(3028) 0001  0000000000000001 (  82) X               .FILL x0001
(3029) 0000  0000000000000000 (  83) Q               .FILL x0000
(302A) 0000  0000000000000000 (  84) R               .FILL x0000
(302B) 3100  0011000100000000 (  85) X_MUL_Y         .FILL x3100
(302C) 3101  0011000100000001 (  86) X_DIV_Y         .FILL x3101
(302D) 3102  0011000100000010 (  87) X_MOD_Y         .FILL x3102
(302E) 000A  0000000000001010 (  88) NGEN            .FILL x000A
(302F) B268  1011001001101000 (  93) MULT            STI   R1 SAVE_R1
(3030) B468  1011010001101000 (  94)                 STI   R2 SAVE_R2
(3031) B668  1011011001101000 (  95)                 STI   R3 SAVE_R3
(3032) B868  1011100001101000 (  96)                 STI   R4 SAVE_R4
(3033) BE69  1011111001101001 (  97)                 STI   R7 SAVE_R7
(3034) 5920  0101100100100000 (  98)                 AND   R4 R4 #0
(3035) 1260  0001001001100000 (  99)                 ADD   R1 R1 #0
(3036) 0801  0000100000000001 ( 100)                 BRN   X_NEG
(3037) 0E03  0000111000000011 ( 101)                 BRNZP x303B
(3038) 927F  1001001001111111 ( 103) X_NEG           NOT   R1 R1
(3039) 1261  0001001001100001 ( 104)                 ADD   R1 R1 #1
(303A) 993F  1001100100111111 ( 105)                 NOT   R4 R4
(303B) 14A0  0001010010100000 ( 106)                 ADD   R2 R2 #0
(303C) 0801  0000100000000001 ( 107)                 BRN   Y_NEG
(303D) 0E03  0000111000000011 ( 108)                 BRNZP x3041
(303E) 94BF  1001010010111111 ( 110) Y_NEG           NOT   R2 R2
(303F) 14A1  0001010010100001 ( 111)                 ADD   R2 R2 #1
(3040) 993F  1001100100111111 ( 112)                 NOT   R4 R4
(3041) 56E0  0101011011100000 ( 113)                 AND   R3 R3 #0
(3042) 16C1  0001011011000001 ( 115) MULT_REPEAT     ADD   R3 R3 R1
(3043) 14BF  0001010010111111 ( 116)                 ADD   R2 R2 #-1
(3044) 0BFD  0000101111111101 ( 117)                 BRNP  MULT_REPEAT
(3045) 1920  0001100100100000 ( 119)                 ADD   R4 R4 #0
(3046) 0801  0000100000000001 ( 120)                 BRN   CHANGE_SIGN
(3047) 0E02  0000111000000010 ( 121)                 BRNZP x304A
(3048) 96FF  1001011011111111 ( 123) CHANGE_SIGN     NOT   R3 R3
(3049) 16E1  0001011011100001 ( 124)                 ADD   R3 R3 #1
(304A) B7E0  1011011111100000 ( 125)                 STI   R3 X_MUL_Y
(304B) A24C  1010001001001100 ( 126)                 LDI   R1 SAVE_R1
(304C) A44C  1010010001001100 ( 127)                 LDI   R2 SAVE_R2
(304D) A64C  1010011001001100 ( 128)                 LDI   R3 SAVE_R3
(304E) A84C  1010100001001100 ( 129)                 LDI   R4 SAVE_R4
(304F) C1C0  1100000111000000 ( 130)                 RET   
(3050) B247  1011001001000111 ( 132) DIV             STI   R1 SAVE_R1
(3051) B447  1011010001000111 ( 133)                 STI   R2 SAVE_R2
(3052) B647  1011011001000111 ( 134)                 STI   R3 SAVE_R3
(3053) B847  1011100001000111 ( 135)                 STI   R4 SAVE_R4
(3054) BA47  1011101001000111 ( 136)                 STI   R5 SAVE_R5
(3055) 56E0  0101011011100000 ( 138)                 AND   R3 R3 #0
(3056) 5B60  0101101101100000 ( 139)                 AND   R5 R5 #0
(3057) 1260  0001001001100000 ( 140)                 ADD   R1 R1 #0
(3058) 0801  0000100000000001 ( 141)                 BRN   X_NEG_2
(3059) 0E03  0000111000000011 ( 142)                 BRNZP x305D
(305A) 927F  1001001001111111 ( 144) X_NEG_2         NOT   R1 R1
(305B) 1261  0001001001100001 ( 145)                 ADD   R1 R1 #1
(305C) 9B7F  1001101101111111 ( 146)                 NOT   R5 R5
(305D) 14A0  0001010010100000 ( 147)                 ADD   R2 R2 #0
(305E) 0801  0000100000000001 ( 148)                 BRN   Y_NEG_2
(305F) 0E03  0000111000000011 ( 149)                 BRNZP x3063
(3060) 94BF  1001010010111111 ( 151) Y_NEG_2         NOT   R2 R2
(3061) 14A1  0001010010100001 ( 152)                 ADD   R2 R2 #1
(3062) 9B7F  1001101101111111 ( 153)                 NOT   R5 R5
(3063) 98BF  1001100010111111 ( 155)                 NOT   R4 R2
(3064) 1921  0001100100100001 ( 156)                 ADD   R4 R4 #1
(3065) 1244  0001001001000100 ( 158) DIV_REPEAT      ADD   R1 R1 R4
(3066) 0802  0000100000000010 ( 159)                 BRN   x3069
(3067) 16E1  0001011011100001 ( 160)                 ADD   R3 R3 #1
(3068) 0FFC  0000111111111100 ( 161)                 BRNZP DIV_REPEAT
(3069) 1B60  0001101101100000 ( 162)                 ADD   R5 R5 #0
(306A) 0801  0000100000000001 ( 163)                 BRN   CHANGE_SIGN_2
(306B) 0E02  0000111000000010 ( 164)                 BRNZP x306E
(306C) 96FF  1001011011111111 ( 166) CHANGE_SIGN_2   NOT   R3 R3
(306D) 16E1  0001011011100001 ( 167)                 ADD   R3 R3 #1
(306E) B7BD  1011011110111101 ( 168)                 STI   R3 X_DIV_Y
(306F) A228  1010001000101000 ( 169)                 LDI   R1 SAVE_R1
(3070) A428  1010010000101000 ( 170)                 LDI   R2 SAVE_R2
(3071) A628  1010011000101000 ( 171)                 LDI   R3 SAVE_R3
(3072) A828  1010100000101000 ( 172)                 LDI   R4 SAVE_R4
(3073) AA28  1010101000101000 ( 173)                 LDI   R5 SAVE_R5
(3074) C1C0  1100000111000000 ( 174)                 RET   
(3075) B222  1011001000100010 ( 177) MOD             STI   R1 SAVE_R1
(3076) B422  1011010000100010 ( 178)                 STI   R2 SAVE_R2
(3077) B622  1011011000100010 ( 179)                 STI   R3 SAVE_R3
(3078) B822  1011100000100010 ( 180)                 STI   R4 SAVE_R4
(3079) BA22  1011101000100010 ( 181)                 STI   R5 SAVE_R5
(307A) BE22  1011111000100010 ( 182)                 STI   R7 SAVE_R7
(307B) 5B60  0101101101100000 ( 184)                 AND   R5 R5 #0
(307C) 1260  0001001001100000 ( 185)                 ADD   R1 R1 #0
(307D) 0801  0000100000000001 ( 186)                 BRN   X_NEG_3
(307E) 0E03  0000111000000011 ( 187)                 BRNZP x3082
(307F) 927F  1001001001111111 ( 189) X_NEG_3         NOT   R1 R1
(3080) 1261  0001001001100001 ( 190)                 ADD   R1 R1 #1
(3081) 9B7F  1001101101111111 ( 191)                 NOT   R5 R5
(3082) 14A0  0001010010100000 ( 192)                 ADD   R2 R2 #0
(3083) 0801  0000100000000001 ( 193)                 BRN   Y_NEG_3
(3084) 0E03  0000111000000011 ( 194)                 BRNZP x3088
(3085) 94BF  1001010010111111 ( 196) Y_NEG_3         NOT   R2 R2
(3086) 14A1  0001010010100001 ( 197)                 ADD   R2 R2 #1
(3087) 9B7F  1001101101111111 ( 198)                 NOT   R5 R5
(3088) 96BF  1001011010111111 ( 199)                 NOT   R3 R2
(3089) 16E1  0001011011100001 ( 200)                 ADD   R3 R3 #1
(308A) 1860  0001100001100000 ( 201)                 ADD   R4 R1 #0
(308B) 1243  0001001001000011 ( 203) MOD_REPEAT      ADD   R1 R1 R3
(308C) 0802  0000100000000010 ( 204)                 BRN   x308F
(308D) 1903  0001100100000011 ( 205)                 ADD   R4 R4 R3
(308E) 0FFC  0000111111111100 ( 206)                 BRNZP MOD_REPEAT
(308F) B99D  1011100110011101 ( 207)                 STI   R4 X_MOD_Y
(3090) A207  1010001000000111 ( 208)                 LDI   R1 SAVE_R1
(3091) A407  1010010000000111 ( 209)                 LDI   R2 SAVE_R2
(3092) A607  1010011000000111 ( 210)                 LDI   R3 SAVE_R3
(3093) A807  1010100000000111 ( 211)                 LDI   R4 SAVE_R4
(3094) AA07  1010101000000111 ( 212)                 LDI   R5 SAVE_R5
(3095) AE07  1010111000000111 ( 213)                 LDI   R7 SAVE_R7
(3096) C1C0  1100000111000000 ( 214)                 RET   
(3097) C1C0  1100000111000000 ( 218) OUTPUT          RET   
(3098) 3500  0011010100000000 ( 221) SAVE_R1         .FILL x3500
(3099) 3501  0011010100000001 ( 222) SAVE_R2         .FILL x3501
(309A) 3502  0011010100000010 ( 223) SAVE_R3         .FILL x3502
(309B) 3503  0011010100000011 ( 224) SAVE_R4         .FILL x3503
(309C) 3504  0011010100000100 ( 225) SAVE_R5         .FILL x3504
(309D) 3505  0011010100000101 ( 226) SAVE_R7         .FILL x3505
